<?xml version="1.0" encoding="UTF-8"?>
<!-- Generated by org.testng.reporters.JUnitReportReporter -->
<testsuite hostname="94ZQ7BS" name="helpers.RunTest" tests="1" failures="0" timestamp="21 Mar 2018 11:00:26 GMT" time="81.894" errors="0">
  <testcase name="feature" time="81.894" classname="helpers.RunTest"/>
</testsuite> <!-- helpers.RunTest -->
