<?xml version="1.0" encoding="UTF-8"?>
<!-- Generated by org.testng.reporters.JUnitReportReporter -->
<testsuite hostname="94ZQ7BS" name="helpers.RunTest" tests="1" failures="0" timestamp="22 Mar 2018 06:15:12 GMT" time="111.990" errors="0">
  <testcase name="feature" time="111.990" classname="helpers.RunTest"/>
</testsuite> <!-- helpers.RunTest -->
