<?xml version="1.0" encoding="UTF-8"?>
<!-- Generated by org.testng.reporters.JUnitReportReporter -->
<testsuite hostname="94ZQ7BS" name="helpers.RunTest" tests="1" failures="0" timestamp="27 Mar 2018 13:22:39 GMT" time="389.470" errors="0">
  <testcase name="feature" time="389.470" classname="helpers.RunTest"/>
</testsuite> <!-- helpers.RunTest -->
